-- Install configuration: ""
-- Up-to-date: /home/saheer/ros2_ws/install/small_house_sim/share/ament_index/resource_index/package_run_dependencies/small_house_sim
-- Up-to-date: /home/saheer/ros2_ws/install/small_house_sim/share/ament_index/resource_index/parent_prefix_path/small_house_sim
-- Up-to-date: /home/saheer/ros2_ws/install/small_house_sim/share/small_house_sim/environment/ament_prefix_path.sh
-- Up-to-date: /home/saheer/ros2_ws/install/small_house_sim/share/small_house_sim/environment/ament_prefix_path.dsv
-- Up-to-date: /home/saheer/ros2_ws/install/small_house_sim/share/small_house_sim/environment/path.sh
-- Up-to-date: /home/saheer/ros2_ws/install/small_house_sim/share/small_house_sim/environment/path.dsv
-- Up-to-date: /home/saheer/ros2_ws/install/small_house_sim/share/small_house_sim/local_setup.bash
-- Up-to-date: /home/saheer/ros2_ws/install/small_house_sim/share/small_house_sim/local_setup.sh
-- Up-to-date: /home/saheer/ros2_ws/install/small_house_sim/share/small_house_sim/local_setup.zsh
-- Up-to-date: /home/saheer/ros2_ws/install/small_house_sim/share/small_house_sim/local_setup.dsv
-- Installing: /home/saheer/ros2_ws/install/small_house_sim/share/small_house_sim/package.dsv
-- Up-to-date: /home/saheer/ros2_ws/install/small_house_sim/share/ament_index/resource_index/packages/small_house_sim
-- Up-to-date: /home/saheer/ros2_ws/install/small_house_sim/share/small_house_sim/cmake/small_house_simConfig.cmake
-- Up-to-date: /home/saheer/ros2_ws/install/small_house_sim/share/small_house_sim/cmake/small_house_simConfig-version.cmake
-- Up-to-date: /home/saheer/ros2_ws/install/small_house_sim/share/small_house_sim/package.xml
-- Up-to-date: /home/saheer/ros2_ws/install/small_house_sim/share/small_house_sim//launch
-- Installing: /home/saheer/ros2_ws/install/small_house_sim/share/small_house_sim//launch/log
-- Installing: /home/saheer/ros2_ws/install/small_house_sim/share/small_house_sim//launch/log/build_2025-08-17_19-08-45
-- Installing: /home/saheer/ros2_ws/install/small_house_sim/share/small_house_sim//launch/log/build_2025-08-17_19-08-45/events.log
-- Installing: /home/saheer/ros2_ws/install/small_house_sim/share/small_house_sim//launch/log/build_2025-08-17_19-08-45/logger_all.log
-- Installing: /home/saheer/ros2_ws/install/small_house_sim/share/small_house_sim//launch/log/build_2025-08-17_19-09-37
-- Installing: /home/saheer/ros2_ws/install/small_house_sim/share/small_house_sim//launch/log/build_2025-08-17_19-09-37/events.log
-- Installing: /home/saheer/ros2_ws/install/small_house_sim/share/small_house_sim//launch/log/build_2025-08-17_19-09-37/logger_all.log
-- Installing: /home/saheer/ros2_ws/install/small_house_sim/share/small_house_sim//launch/log/latest_build
-- Installing: /home/saheer/ros2_ws/install/small_house_sim/share/small_house_sim//launch/log/COLCON_IGNORE
-- Installing: /home/saheer/ros2_ws/install/small_house_sim/share/small_house_sim//launch/log/latest
-- Installing: /home/saheer/ros2_ws/install/small_house_sim/share/small_house_sim//launch/small_house_launch.py
-- Installing: /home/saheer/ros2_ws/install/small_house_sim/share/small_house_sim//launch/build
-- Installing: /home/saheer/ros2_ws/install/small_house_sim/share/small_house_sim//launch/build/COLCON_IGNORE
-- Installing: /home/saheer/ros2_ws/install/small_house_sim/share/small_house_sim//launch/build/.built_by
-- Installing: /home/saheer/ros2_ws/install/small_house_sim/share/small_house_sim//launch/install
-- Installing: /home/saheer/ros2_ws/install/small_house_sim/share/small_house_sim//launch/install/.colcon_install_layout
-- Installing: /home/saheer/ros2_ws/install/small_house_sim/share/small_house_sim//launch/install/_local_setup_util_ps1.py
-- Installing: /home/saheer/ros2_ws/install/small_house_sim/share/small_house_sim//launch/install/setup.bash
-- Installing: /home/saheer/ros2_ws/install/small_house_sim/share/small_house_sim//launch/install/local_setup.zsh
-- Installing: /home/saheer/ros2_ws/install/small_house_sim/share/small_house_sim//launch/install/local_setup.sh
-- Installing: /home/saheer/ros2_ws/install/small_house_sim/share/small_house_sim//launch/install/setup.zsh
-- Installing: /home/saheer/ros2_ws/install/small_house_sim/share/small_house_sim//launch/install/setup.sh
-- Installing: /home/saheer/ros2_ws/install/small_house_sim/share/small_house_sim//launch/install/setup.ps1
-- Installing: /home/saheer/ros2_ws/install/small_house_sim/share/small_house_sim//launch/install/COLCON_IGNORE
-- Installing: /home/saheer/ros2_ws/install/small_house_sim/share/small_house_sim//launch/install/_local_setup_util_sh.py
-- Installing: /home/saheer/ros2_ws/install/small_house_sim/share/small_house_sim//launch/install/local_setup.bash
-- Installing: /home/saheer/ros2_ws/install/small_house_sim/share/small_house_sim//launch/install/local_setup.ps1
