[0.010s] Invoking command in '/home/saheer/ros2_ws/build/small_house_sim': CMAKE_PREFIX_PATH=/opt/ros/humble /usr/bin/cmake --build /home/saheer/ros2_ws/build/small_house_sim -- -j12 -l12
[0.099s] Invoked command in '/home/saheer/ros2_ws/build/small_house_sim' returned '0': CMAKE_PREFIX_PATH=/opt/ros/humble /usr/bin/cmake --build /home/saheer/ros2_ws/build/small_house_sim -- -j12 -l12
[0.108s] Invoking command in '/home/saheer/ros2_ws/build/small_house_sim': CMAKE_PREFIX_PATH=/opt/ros/humble /usr/bin/cmake --install /home/saheer/ros2_ws/build/small_house_sim
[0.114s] -- Install configuration: ""
[0.115s] -- Up-to-date: /home/saheer/ros2_ws/install/small_house_sim/share/ament_index/resource_index/package_run_dependencies/small_house_sim
[0.116s] -- Up-to-date: /home/saheer/ros2_ws/install/small_house_sim/share/ament_index/resource_index/parent_prefix_path/small_house_sim
[0.116s] -- Up-to-date: /home/saheer/ros2_ws/install/small_house_sim/share/small_house_sim/environment/ament_prefix_path.sh
[0.116s] -- Up-to-date: /home/saheer/ros2_ws/install/small_house_sim/share/small_house_sim/environment/ament_prefix_path.dsv
[0.116s] -- Up-to-date: /home/saheer/ros2_ws/install/small_house_sim/share/small_house_sim/environment/path.sh
[0.116s] -- Up-to-date: /home/saheer/ros2_ws/install/small_house_sim/share/small_house_sim/environment/path.dsv
[0.116s] -- Up-to-date: /home/saheer/ros2_ws/install/small_house_sim/share/small_house_sim/local_setup.bash
[0.116s] -- Up-to-date: /home/saheer/ros2_ws/install/small_house_sim/share/small_house_sim/local_setup.sh
[0.116s] -- Up-to-date: /home/saheer/ros2_ws/install/small_house_sim/share/small_house_sim/local_setup.zsh
[0.116s] -- Up-to-date: /home/saheer/ros2_ws/install/small_house_sim/share/small_house_sim/local_setup.dsv
[0.116s] -- Installing: /home/saheer/ros2_ws/install/small_house_sim/share/small_house_sim/package.dsv
[0.117s] -- Up-to-date: /home/saheer/ros2_ws/install/small_house_sim/share/ament_index/resource_index/packages/small_house_sim
[0.117s] -- Up-to-date: /home/saheer/ros2_ws/install/small_house_sim/share/small_house_sim/cmake/small_house_simConfig.cmake
[0.117s] -- Up-to-date: /home/saheer/ros2_ws/install/small_house_sim/share/small_house_sim/cmake/small_house_simConfig-version.cmake
[0.117s] -- Up-to-date: /home/saheer/ros2_ws/install/small_house_sim/share/small_house_sim/package.xml
[0.117s] -- Up-to-date: /home/saheer/ros2_ws/install/small_house_sim/share/small_house_sim//launch
[0.117s] -- Installing: /home/saheer/ros2_ws/install/small_house_sim/share/small_house_sim//launch/log
[0.117s] -- Installing: /home/saheer/ros2_ws/install/small_house_sim/share/small_house_sim//launch/log/build_2025-08-17_19-08-45
[0.118s] -- Installing: /home/saheer/ros2_ws/install/small_house_sim/share/small_house_sim//launch/log/build_2025-08-17_19-08-45/events.log
[0.118s] -- Installing: /home/saheer/ros2_ws/install/small_house_sim/share/small_house_sim//launch/log/build_2025-08-17_19-08-45/logger_all.log
[0.118s] -- Installing: /home/saheer/ros2_ws/install/small_house_sim/share/small_house_sim//launch/log/build_2025-08-17_19-09-37
[0.118s] -- Installing: /home/saheer/ros2_ws/install/small_house_sim/share/small_house_sim//launch/log/build_2025-08-17_19-09-37/events.log
[0.118s] -- Installing: /home/saheer/ros2_ws/install/small_house_sim/share/small_house_sim//launch/log/build_2025-08-17_19-09-37/logger_all.log
[0.119s] -- Installing: /home/saheer/ros2_ws/install/small_house_sim/share/small_house_sim//launch/log/latest_build
[0.119s] -- Installing: /home/saheer/ros2_ws/install/small_house_sim/share/small_house_sim//launch/log/COLCON_IGNORE
[0.119s] -- Installing: /home/saheer/ros2_ws/install/small_house_sim/share/small_house_sim//launch/log/latest
[0.119s] -- Installing: /home/saheer/ros2_ws/install/small_house_sim/share/small_house_sim//launch/small_house_launch.py
[0.119s] -- Installing: /home/saheer/ros2_ws/install/small_house_sim/share/small_house_sim//launch/build
[0.119s] -- Installing: /home/saheer/ros2_ws/install/small_house_sim/share/small_house_sim//launch/build/COLCON_IGNORE
[0.119s] -- Installing: /home/saheer/ros2_ws/install/small_house_sim/share/small_house_sim//launch/build/.built_by
[0.120s] -- Installing: /home/saheer/ros2_ws/install/small_house_sim/share/small_house_sim//launch/install
[0.120s] -- Installing: /home/saheer/ros2_ws/install/small_house_sim/share/small_house_sim//launch/install/.colcon_install_layout
[0.120s] -- Installing: /home/saheer/ros2_ws/install/small_house_sim/share/small_house_sim//launch/install/_local_setup_util_ps1.py
[0.120s] -- Installing: /home/saheer/ros2_ws/install/small_house_sim/share/small_house_sim//launch/install/setup.bash
[0.120s] -- Installing: /home/saheer/ros2_ws/install/small_house_sim/share/small_house_sim//launch/install/local_setup.zsh
[0.121s] -- Installing: /home/saheer/ros2_ws/install/small_house_sim/share/small_house_sim//launch/install/local_setup.sh
[0.121s] -- Installing: /home/saheer/ros2_ws/install/small_house_sim/share/small_house_sim//launch/install/setup.zsh
[0.121s] -- Installing: /home/saheer/ros2_ws/install/small_house_sim/share/small_house_sim//launch/install/setup.sh
[0.121s] -- Installing: /home/saheer/ros2_ws/install/small_house_sim/share/small_house_sim//launch/install/setup.ps1
[0.122s] -- Installing: /home/saheer/ros2_ws/install/small_house_sim/share/small_house_sim//launch/install/COLCON_IGNORE
[0.122s] -- Installing: /home/saheer/ros2_ws/install/small_house_sim/share/small_house_sim//launch/install/_local_setup_util_sh.py
[0.122s] -- Installing: /home/saheer/ros2_ws/install/small_house_sim/share/small_house_sim//launch/install/local_setup.bash
[0.122s] -- Installing: /home/saheer/ros2_ws/install/small_house_sim/share/small_house_sim//launch/install/local_setup.ps1
[0.124s] Invoked command in '/home/saheer/ros2_ws/build/small_house_sim' returned '0': CMAKE_PREFIX_PATH=/opt/ros/humble /usr/bin/cmake --install /home/saheer/ros2_ws/build/small_house_sim
