[0.022s] Invoking command in '/home/saheer/ros2_ws/build/small_house_sim': CMAKE_PREFIX_PATH=/opt/ros/humble /usr/bin/cmake /home/saheer/ros2_ws/src/small_house_sim -DCMAKE_INSTALL_PREFIX=/home/saheer/ros2_ws/install/small_house_sim
[0.144s] -- The C compiler identification is GNU 11.4.0
[0.272s] -- The CXX compiler identification is GNU 11.4.0
[0.290s] -- Detecting C compiler ABI info
[0.458s] -- Detecting C compiler ABI info - done
[0.476s] -- Check for working C compiler: /usr/bin/cc - skipped
[0.477s] -- Detecting C compile features
[0.478s] -- Detecting C compile features - done
[0.485s] -- Detecting CXX compiler ABI info
[0.684s] -- Detecting CXX compiler ABI info - done
[0.700s] -- Check for working CXX compiler: /usr/bin/c++ - skipped
[0.701s] -- Detecting CXX compile features
[0.702s] -- Detecting CXX compile features - done
[0.709s] -- Found ament_cmake: 1.3.12 (/opt/ros/humble/share/ament_cmake/cmake)
[1.070s] -- Found Python3: /usr/bin/python3 (found version "3.10.12") found components: Interpreter 
[1.268s] -- Found gazebo_ros: 3.9.0 (/opt/ros/humble/share/gazebo_ros/cmake)
[1.342s] -- Found rosidl_generator_c: 3.1.7 (/opt/ros/humble/share/rosidl_generator_c/cmake)
[1.349s] -- Found rosidl_adapter: 3.1.7 (/opt/ros/humble/share/rosidl_adapter/cmake)
[1.362s] -- Found rosidl_generator_cpp: 3.1.7 (/opt/ros/humble/share/rosidl_generator_cpp/cmake)
[1.379s] -- Using all available rosidl_typesupport_c: rosidl_typesupport_fastrtps_c;rosidl_typesupport_introspection_c
[1.411s] -- Using all available rosidl_typesupport_cpp: rosidl_typesupport_fastrtps_cpp;rosidl_typesupport_introspection_cpp
[1.519s] -- Found rmw_implementation_cmake: 6.1.2 (/opt/ros/humble/share/rmw_implementation_cmake/cmake)
[1.526s] -- Found rmw_fastrtps_cpp: 6.2.8 (/opt/ros/humble/share/rmw_fastrtps_cpp/cmake)
[1.743s] -- Found OpenSSL: /usr/lib/x86_64-linux-gnu/libcrypto.so (found version "3.0.2")  
[1.822s] -- Found FastRTPS: /opt/ros/humble/include  
[1.910s] -- Using RMW implementation 'rmw_fastrtps_cpp' as default
[1.924s] -- Looking for pthread.h
[2.099s] -- Looking for pthread.h - found
[2.099s] -- Performing Test CMAKE_HAVE_LIBC_PTHREAD
[2.281s] -- Performing Test CMAKE_HAVE_LIBC_PTHREAD - Success
[2.283s] -- Found Threads: TRUE  
[2.440s] -- Found PkgConfig: /usr/bin/pkg-config (found version "0.29.2") 
[2.443s] -- Checking for module 'bullet>=2.82'
[2.479s] --   Found bullet, version 3.05
[2.765s] -- Found fcl: /usr/include (found suitable version "0.7.0", minimum required is "0.5.0") 
[2.896s] -- Found assimp: /usr/include (found version "5.2.0") 
[2.955s] -- Found DART: /usr/include (Required is at least version "6.6") found components: dart 
[3.028s] -- Found Boost: /usr/lib/x86_64-linux-gnu/cmake/Boost-1.74.0/BoostConfig.cmake (found suitable version "1.74.0", minimum required is "1.40.0") found components: thread system filesystem program_options regex iostreams date_time 
[3.072s] -- Found Protobuf: /usr/lib/x86_64-linux-gnu/libprotobuf.so (found version "3.12.4") 
[3.083s] -- Looking for ignition-math6 -- found version 6.15.1
[3.101s] -- Searching for dependencies of ignition-math6
[3.105s] -- Looking for OGRE...
[3.106s] -- OGRE_PREFIX_WATCH changed.
[3.120s] -- Checking for module 'OGRE'
[3.153s] --   Found OGRE, version 1.9.0
[3.244s] -- Found Ogre Ghadamon (1.9.0)
[3.263s] -- Found OGRE: optimized;/usr/lib/x86_64-linux-gnu/libOgreMain.so;debug;/usr/lib/x86_64-linux-gnu/libOgreMain.so
[3.286s] -- Looking for OGRE_Paging...
[3.297s] -- Found OGRE_Paging: optimized;/usr/lib/x86_64-linux-gnu/libOgrePaging.so;debug;/usr/lib/x86_64-linux-gnu/libOgrePaging.so
[3.298s] -- Looking for OGRE_Terrain...
[3.306s] -- Found OGRE_Terrain: optimized;/usr/lib/x86_64-linux-gnu/libOgreTerrain.so;debug;/usr/lib/x86_64-linux-gnu/libOgreTerrain.so
[3.306s] -- Looking for OGRE_Property...
[3.314s] -- Found OGRE_Property: optimized;/usr/lib/x86_64-linux-gnu/libOgreProperty.so;debug;/usr/lib/x86_64-linux-gnu/libOgreProperty.so
[3.315s] -- Looking for OGRE_RTShaderSystem...
[3.322s] -- Found OGRE_RTShaderSystem: optimized;/usr/lib/x86_64-linux-gnu/libOgreRTShaderSystem.so;debug;/usr/lib/x86_64-linux-gnu/libOgreRTShaderSystem.so
[3.322s] -- Looking for OGRE_Volume...
[3.329s] -- Found OGRE_Volume: optimized;/usr/lib/x86_64-linux-gnu/libOgreVolume.so;debug;/usr/lib/x86_64-linux-gnu/libOgreVolume.so
[3.329s] -- Looking for OGRE_Overlay...
[3.336s] -- Found OGRE_Overlay: optimized;/usr/lib/x86_64-linux-gnu/libOgreOverlay.so;debug;/usr/lib/x86_64-linux-gnu/libOgreOverlay.so
[3.536s] -- Looking for ignition-math6 -- found version 6.15.1
[3.542s] -- Looking for ignition-transport8 -- found version 8.2.1
[3.544s] -- Searching for dependencies of ignition-transport8
[3.592s] -- Found Protobuf: /usr/lib/x86_64-linux-gnu/libprotobuf.so (found suitable version "3.12.4", minimum required is "3") 
[3.623s] -- Config-file not installed for ZeroMQ -- checking for pkg-config
[3.633s] -- Checking for module 'libzmq >= 4'
[3.668s] --   Found libzmq , version 4.3.4
[3.763s] -- Found ZeroMQ: TRUE (Required is at least version "4") 
[3.779s] -- Checking for module 'uuid'
[3.811s] --   Found uuid, version 2.37.2
[3.895s] -- Found UUID: TRUE  
[3.902s] -- Looking for ignition-msgs5 -- found version 5.8.1
[3.903s] -- Searching for dependencies of ignition-msgs5
[3.957s] -- Looking for ignition-math6 -- found version 6.15.1
[3.971s] -- Checking for module 'tinyxml2'
[4.005s] --   Found tinyxml2, version 9.0.0
[4.096s] -- Looking for ignition-msgs5 -- found version 5.8.1
[4.102s] -- Looking for ignition-common3 -- found version 3.14.0
[4.103s] -- Searching for dependencies of ignition-common3
[4.104s] -- Looking for dlfcn.h - found
[4.106s] -- Looking for libdl - found
[4.109s] -- Found DL: TRUE  
[4.139s] -- Found tinyobjloader: /usr/lib/x86_64-linux-gnu/cmake/tinyobjloader/tinyobjloader-config.cmake (found version "2.0.0") 
[4.140s] -- Searching for <ignition-common3> component [graphics]
[4.146s] -- Looking for ignition-common3-graphics -- found version 3.14.0
[4.147s] -- Searching for dependencies of ignition-common3-graphics
[4.148s] -- Looking for ignition-math6 -- found version 6.15.1
[4.155s] -- Looking for ignition-fuel_tools4 -- found version 4.4.0
[4.156s] -- Searching for dependencies of ignition-fuel_tools4
[4.365s] -- Found CURL: /usr/lib/x86_64-linux-gnu/libcurl.so (found version "7.81.0")  
[4.389s] -- Checking for module 'jsoncpp'
[4.423s] --   Found jsoncpp, version 1.9.5
[4.512s] -- Found JSONCPP: TRUE  
[4.528s] -- Checking for module 'libzip'
[4.562s] --   Found libzip, version 1.7.3
[4.651s] -- Found ZIP: TRUE  
[4.652s] -- Looking for ignition-common3 -- found version 3.14.0
[4.653s] -- Looking for ignition-math6 -- found version 6.15.1
[4.654s] -- Looking for ignition-msgs5 -- found version 5.8.1
[4.664s] -- Gazebo version: 11.10
[4.665s] -- Checking for module 'tbb'
[4.700s] --   Found tbb, version 2021.5.0
[4.792s] -- Found ament_lint_auto: 0.12.14 (/opt/ros/humble/share/ament_lint_auto/cmake)
[4.989s] -- Added test 'flake8' to check Python code syntax and style conventions
[4.991s] -- Added test 'lint_cmake' to check CMake code style
[4.992s] -- Added test 'pep257' to check Python code against some of the docstring style conventions in PEP 257
[4.996s] -- Added test 'xmllint' to check XML markup files
[5.000s] -- Configuring done
[5.016s] -- Generating done
[5.024s] -- Build files have been written to: /home/saheer/ros2_ws/build/small_house_sim
[5.063s] Invoked command in '/home/saheer/ros2_ws/build/small_house_sim' returned '0': CMAKE_PREFIX_PATH=/opt/ros/humble /usr/bin/cmake /home/saheer/ros2_ws/src/small_house_sim -DCMAKE_INSTALL_PREFIX=/home/saheer/ros2_ws/install/small_house_sim
[5.068s] Invoking command in '/home/saheer/ros2_ws/build/small_house_sim': CMAKE_PREFIX_PATH=/opt/ros/humble /usr/bin/cmake --build /home/saheer/ros2_ws/build/small_house_sim -- -j12 -l12
[5.177s] Invoked command in '/home/saheer/ros2_ws/build/small_house_sim' returned '0': CMAKE_PREFIX_PATH=/opt/ros/humble /usr/bin/cmake --build /home/saheer/ros2_ws/build/small_house_sim -- -j12 -l12
[5.203s] Invoking command in '/home/saheer/ros2_ws/build/small_house_sim': CMAKE_PREFIX_PATH=/opt/ros/humble /usr/bin/cmake --install /home/saheer/ros2_ws/build/small_house_sim
[5.222s] -- Install configuration: ""
[5.223s] -- Installing: /home/saheer/ros2_ws/install/small_house_sim/share/ament_index/resource_index/package_run_dependencies/small_house_sim
[5.224s] -- Installing: /home/saheer/ros2_ws/install/small_house_sim/share/ament_index/resource_index/parent_prefix_path/small_house_sim
[5.224s] -- Installing: /home/saheer/ros2_ws/install/small_house_sim/share/small_house_sim/environment/ament_prefix_path.sh
[5.225s] -- Installing: /home/saheer/ros2_ws/install/small_house_sim/share/small_house_sim/environment/ament_prefix_path.dsv
[5.225s] -- Installing: /home/saheer/ros2_ws/install/small_house_sim/share/small_house_sim/environment/path.sh
[5.225s] -- Installing: /home/saheer/ros2_ws/install/small_house_sim/share/small_house_sim/environment/path.dsv
[5.226s] -- Installing: /home/saheer/ros2_ws/install/small_house_sim/share/small_house_sim/local_setup.bash
[5.226s] -- Installing: /home/saheer/ros2_ws/install/small_house_sim/share/small_house_sim/local_setup.sh
[5.226s] -- Installing: /home/saheer/ros2_ws/install/small_house_sim/share/small_house_sim/local_setup.zsh
[5.227s] -- Installing: /home/saheer/ros2_ws/install/small_house_sim/share/small_house_sim/local_setup.dsv
[5.227s] -- Installing: /home/saheer/ros2_ws/install/small_house_sim/share/small_house_sim/package.dsv
[5.228s] -- Installing: /home/saheer/ros2_ws/install/small_house_sim/share/ament_index/resource_index/packages/small_house_sim
[5.228s] -- Installing: /home/saheer/ros2_ws/install/small_house_sim/share/small_house_sim/cmake/small_house_simConfig.cmake
[5.229s] -- Installing: /home/saheer/ros2_ws/install/small_house_sim/share/small_house_sim/cmake/small_house_simConfig-version.cmake
[5.229s] -- Installing: /home/saheer/ros2_ws/install/small_house_sim/share/small_house_sim/package.xml
[5.229s] -- Installing: /home/saheer/ros2_ws/install/small_house_sim/share/small_house_sim//launch
[5.230s] -- Installing: /home/saheer/ros2_ws/install/small_house_sim/share/small_house_sim//launch/small_house_launch.py
[5.236s] Invoked command in '/home/saheer/ros2_ws/build/small_house_sim' returned '0': CMAKE_PREFIX_PATH=/opt/ros/humble /usr/bin/cmake --install /home/saheer/ros2_ws/build/small_house_sim
