[0.008s] Invoking command in '/home/saheer/ros2_ws/build/small_house_sim': CMAKE_PREFIX_PATH=${CMAKE_PREFIX_PATH}:/opt/ros/humble /usr/bin/cmake --build /home/saheer/ros2_ws/build/small_house_sim -- -j12 -l12
[0.044s] Invoked command in '/home/saheer/ros2_ws/build/small_house_sim' returned '0': CMAKE_PREFIX_PATH=${CMAKE_PREFIX_PATH}:/opt/ros/humble /usr/bin/cmake --build /home/saheer/ros2_ws/build/small_house_sim -- -j12 -l12
[0.053s] Invoking command in '/home/saheer/ros2_ws/build/small_house_sim': CMAKE_PREFIX_PATH=${CMAKE_PREFIX_PATH}:/opt/ros/humble /usr/bin/cmake --install /home/saheer/ros2_ws/build/small_house_sim
[0.058s] -- Install configuration: ""
[0.058s] -- Up-to-date: /home/saheer/ros2_ws/install/small_house_sim/share/ament_index/resource_index/package_run_dependencies/small_house_sim
[0.058s] -- Up-to-date: /home/saheer/ros2_ws/install/small_house_sim/share/ament_index/resource_index/parent_prefix_path/small_house_sim
[0.059s] -- Up-to-date: /home/saheer/ros2_ws/install/small_house_sim/share/small_house_sim/environment/ament_prefix_path.sh
[0.059s] -- Up-to-date: /home/saheer/ros2_ws/install/small_house_sim/share/small_house_sim/environment/ament_prefix_path.dsv
[0.059s] -- Up-to-date: /home/saheer/ros2_ws/install/small_house_sim/share/small_house_sim/environment/path.sh
[0.059s] -- Up-to-date: /home/saheer/ros2_ws/install/small_house_sim/share/small_house_sim/environment/path.dsv
[0.059s] -- Up-to-date: /home/saheer/ros2_ws/install/small_house_sim/share/small_house_sim/local_setup.bash
[0.059s] -- Up-to-date: /home/saheer/ros2_ws/install/small_house_sim/share/small_house_sim/local_setup.sh
[0.059s] -- Up-to-date: /home/saheer/ros2_ws/install/small_house_sim/share/small_house_sim/local_setup.zsh
[0.059s] -- Up-to-date: /home/saheer/ros2_ws/install/small_house_sim/share/small_house_sim/local_setup.dsv
[0.059s] -- Up-to-date: /home/saheer/ros2_ws/install/small_house_sim/share/small_house_sim/package.dsv
[0.059s] -- Up-to-date: /home/saheer/ros2_ws/install/small_house_sim/share/ament_index/resource_index/packages/small_house_sim
[0.059s] -- Up-to-date: /home/saheer/ros2_ws/install/small_house_sim/share/small_house_sim/cmake/small_house_simConfig.cmake
[0.059s] -- Up-to-date: /home/saheer/ros2_ws/install/small_house_sim/share/small_house_sim/cmake/small_house_simConfig-version.cmake
[0.059s] -- Up-to-date: /home/saheer/ros2_ws/install/small_house_sim/share/small_house_sim/package.xml
[0.059s] -- Up-to-date: /home/saheer/ros2_ws/install/small_house_sim/share/small_house_sim//launch
[0.059s] -- Installing: /home/saheer/ros2_ws/install/small_house_sim/share/small_house_sim//launch/small_house_launch.py
[0.060s] Invoked command in '/home/saheer/ros2_ws/build/small_house_sim' returned '0': CMAKE_PREFIX_PATH=${CMAKE_PREFIX_PATH}:/opt/ros/humble /usr/bin/cmake --install /home/saheer/ros2_ws/build/small_house_sim
